  Project 3321-Group 3.cpp
C:\Users\chily\OneDrive - University of Houston Downtown\Desktop\Project-3321-Group-3\Project 3321-Group 3\Project 3321-Group 3\signup.h(5,1): error C2059: syntax error: '<<'
C:\Users\chily\OneDrive - University of Houston Downtown\Desktop\Project-3321-Group-3\Project 3321-Group 3\Project 3321-Group 3\signup.h(7,1): error C2059: syntax error: '=='
C:\Users\chily\OneDrive - University of Houston Downtown\Desktop\Project-3321-Group-3\Project 3321-Group 3\Project 3321-Group 3\signup.h(11,1): error C2059: syntax error: '>>'
C:\Users\chily\OneDrive - University of Houston Downtown\Desktop\Project-3321-Group-3\Project 3321-Group 3\Project 3321-Group 3\Project 3321-Group 3.cpp(25,9): error C3861: 'printMainMenu': identifier not found
  cartMenu.cpp
C:\Users\chily\OneDrive - University of Houston Downtown\Desktop\Project-3321-Group-3\Project 3321-Group 3\Project 3321-Group 3\signup.h(5,1): error C2059: syntax error: '<<'
C:\Users\chily\OneDrive - University of Houston Downtown\Desktop\Project-3321-Group-3\Project 3321-Group 3\Project 3321-Group 3\signup.h(7,1): error C2059: syntax error: '=='
C:\Users\chily\OneDrive - University of Houston Downtown\Desktop\Project-3321-Group-3\Project 3321-Group 3\Project 3321-Group 3\signup.h(11,1): error C2059: syntax error: '>>'
  guestMenu.cpp
C:\Users\chily\OneDrive - University of Houston Downtown\Desktop\Project-3321-Group-3\Project 3321-Group 3\Project 3321-Group 3\signup.h(5,1): error C2059: syntax error: '<<'
C:\Users\chily\OneDrive - University of Houston Downtown\Desktop\Project-3321-Group-3\Project 3321-Group 3\Project 3321-Group 3\signup.h(7,1): error C2059: syntax error: '=='
C:\Users\chily\OneDrive - University of Houston Downtown\Desktop\Project-3321-Group-3\Project 3321-Group 3\Project 3321-Group 3\signup.h(11,1): error C2059: syntax error: '>>'
C:\Users\chily\OneDrive - University of Houston Downtown\Desktop\Project-3321-Group-3\Project 3321-Group 3\Project 3321-Group 3\guestMenu.cpp(35,3): error C3861: 'printMainMenu': identifier not found
  mainMenu.cpp
C:\Users\chily\OneDrive - University of Houston Downtown\Desktop\Project-3321-Group-3\Project 3321-Group 3\Project 3321-Group 3\signup.h(5,1): error C2059: syntax error: '<<'
C:\Users\chily\OneDrive - University of Houston Downtown\Desktop\Project-3321-Group-3\Project 3321-Group 3\Project 3321-Group 3\signup.h(7,1): error C2059: syntax error: '=='
C:\Users\chily\OneDrive - University of Houston Downtown\Desktop\Project-3321-Group-3\Project 3321-Group 3\Project 3321-Group 3\signup.h(11,1): error C2059: syntax error: '>>'
C:\Users\chily\OneDrive - University of Houston Downtown\Desktop\Project-3321-Group-3\Project 3321-Group 3\Project 3321-Group 3\mainMenu.cpp(21,2): error C3861: 'menuDesign': identifier not found
  review.cpp
  signup.cpp
C:\Users\chily\OneDrive - University of Houston Downtown\Desktop\Project-3321-Group-3\Project 3321-Group 3\Project 3321-Group 3\signup.h(5,1): error C2059: syntax error: '<<'
C:\Users\chily\OneDrive - University of Houston Downtown\Desktop\Project-3321-Group-3\Project 3321-Group 3\Project 3321-Group 3\signup.h(7,1): error C2059: syntax error: '=='
C:\Users\chily\OneDrive - University of Houston Downtown\Desktop\Project-3321-Group-3\Project 3321-Group 3\Project 3321-Group 3\signup.h(11,1): error C2059: syntax error: '>>'
C:\Program Files (x86)\Microsoft Visual Studio\2019\Community\VC\Tools\MSVC\14.29.30133\include\sal.h(2361,12): error C2143: syntax error: missing ';' before '{'
C:\Program Files (x86)\Microsoft Visual Studio\2019\Community\VC\Tools\MSVC\14.29.30133\include\sal.h(2361,12): error C2447: '{': missing function header (old-style formal list?)
C:\Users\chily\OneDrive - University of Houston Downtown\Desktop\Project-3321-Group-3\Project 3321-Group 3\Project 3321-Group 3\signup.cpp(9,1): error C2059: syntax error: '<<'
C:\Users\chily\OneDrive - University of Houston Downtown\Desktop\Project-3321-Group-3\Project 3321-Group 3\Project 3321-Group 3\signup.cpp(17,6): error C2182: 'changePersonalInfo': illegal use of type 'void'
C:\Users\chily\OneDrive - University of Houston Downtown\Desktop\Project-3321-Group-3\Project 3321-Group 3\Project 3321-Group 3\signup.cpp(17,25): error C2065: 'string': undeclared identifier
C:\Users\chily\OneDrive - University of Houston Downtown\Desktop\Project-3321-Group-3\Project 3321-Group 3\Project 3321-Group 3\signup.cpp(17,32): error C2146: syntax error: missing ')' before identifier 'fName'
C:\Users\chily\OneDrive - University of Houston Downtown\Desktop\Project-3321-Group-3\Project 3321-Group 3\Project 3321-Group 3\signup.cpp(20,1): error C2059: syntax error: '<<'
C:\Users\chily\OneDrive - University of Houston Downtown\Desktop\Project-3321-Group-3\Project 3321-Group 3\Project 3321-Group 3\signup.cpp(26,1): error C2059: syntax error: '>>'
C:\Users\chily\OneDrive - University of Houston Downtown\Desktop\Project-3321-Group-3\Project 3321-Group 3\Project 3321-Group 3\signup.cpp(34,1): error C2059: syntax error: '=='
C:\Users\chily\OneDrive - University of Houston Downtown\Desktop\Project-3321-Group-3\Project 3321-Group 3\Project 3321-Group 3\signup.cpp(43,2): error C2065: 'cout': undeclared identifier
C:\Users\chily\OneDrive - University of Houston Downtown\Desktop\Project-3321-Group-3\Project 3321-Group 3\Project 3321-Group 3\signup.cpp(44,2): error C2065: 'cout': undeclared identifier
C:\Users\chily\OneDrive - University of Houston Downtown\Desktop\Project-3321-Group-3\Project 3321-Group 3\Project 3321-Group 3\signup.cpp(45,2): error C2065: 'cout': undeclared identifier
C:\Users\chily\OneDrive - University of Houston Downtown\Desktop\Project-3321-Group-3\Project 3321-Group 3\Project 3321-Group 3\signup.cpp(45,10): error C3861: 'setw': identifier not found
C:\Users\chily\OneDrive - University of Houston Downtown\Desktop\Project-3321-Group-3\Project 3321-Group 3\Project 3321-Group 3\signup.cpp(46,2): error C2065: 'cout': undeclared identifier
C:\Users\chily\OneDrive - University of Houston Downtown\Desktop\Project-3321-Group-3\Project 3321-Group 3\Project 3321-Group 3\signup.cpp(46,10): error C3861: 'setw': identifier not found
C:\Users\chily\OneDrive - University of Houston Downtown\Desktop\Project-3321-Group-3\Project 3321-Group 3\Project 3321-Group 3\signup.cpp(47,2): error C2065: 'cout': undeclared identifier
C:\Users\chily\OneDrive - University of Houston Downtown\Desktop\Project-3321-Group-3\Project 3321-Group 3\Project 3321-Group 3\signup.cpp(47,10): error C3861: 'setw': identifier not found
C:\Users\chily\OneDrive - University of Houston Downtown\Desktop\Project-3321-Group-3\Project 3321-Group 3\Project 3321-Group 3\signup.cpp(48,2): error C2065: 'cout': undeclared identifier
C:\Users\chily\OneDrive - University of Houston Downtown\Desktop\Project-3321-Group-3\Project 3321-Group 3\Project 3321-Group 3\signup.cpp(48,10): error C3861: 'setw': identifier not found
C:\Users\chily\OneDrive - University of Houston Downtown\Desktop\Project-3321-Group-3\Project 3321-Group 3\Project 3321-Group 3\signup.cpp(49,2): error C2065: 'cout': undeclared identifier
C:\Users\chily\OneDrive - University of Houston Downtown\Desktop\Project-3321-Group-3\Project 3321-Group 3\Project 3321-Group 3\signup.cpp(49,10): error C3861: 'setw': identifier not found
C:\Users\chily\OneDrive - University of Houston Downtown\Desktop\Project-3321-Group-3\Project 3321-Group 3\Project 3321-Group 3\signup.cpp(66,3): error C2065: 'string': undeclared identifier
C:\Users\chily\OneDrive - University of Houston Downtown\Desktop\Project-3321-Group-3\Project 3321-Group 3\Project 3321-Group 3\signup.cpp(66,10): error C2146: syntax error: missing ';' before identifier 'line'
C:\Users\chily\OneDrive - University of Houston Downtown\Desktop\Project-3321-Group-3\Project 3321-Group 3\Project 3321-Group 3\signup.cpp(66,10): error C2065: 'line': undeclared identifier
C:\Users\chily\OneDrive - University of Houston Downtown\Desktop\Project-3321-Group-3\Project 3321-Group 3\Project 3321-Group 3\signup.cpp(67,3): error C2065: 'ifstream': undeclared identifier
C:\Users\chily\OneDrive - University of Houston Downtown\Desktop\Project-3321-Group-3\Project 3321-Group 3\Project 3321-Group 3\signup.cpp(67,12): error C2146: syntax error: missing ';' before identifier 'file'
C:\Users\chily\OneDrive - University of Houston Downtown\Desktop\Project-3321-Group-3\Project 3321-Group 3\Project 3321-Group 3\signup.cpp(67,12): error C3861: 'file': identifier not found
C:\Users\chily\OneDrive - University of Houston Downtown\Desktop\Project-3321-Group-3\Project 3321-Group 3\Project 3321-Group 3\signup.cpp(71,1): error C2065: 'string': undeclared identifier
C:\Users\chily\OneDrive - University of Houston Downtown\Desktop\Project-3321-Group-3\Project 3321-Group 3\Project 3321-Group 3\signup.cpp(71,8): error C2146: syntax error: missing ';' before identifier 'USERNAME'
C:\Users\chily\OneDrive - University of Houston Downtown\Desktop\Project-3321-Group-3\Project 3321-Group 3\Project 3321-Group 3\signup.cpp(71,8): error C2065: 'USERNAME': undeclared identifier
C:\Users\chily\OneDrive - University of Houston Downtown\Desktop\Project-3321-Group-3\Project 3321-Group 3\Project 3321-Group 3\signup.cpp(72,1): error C2065: 'string': undeclared identifier
C:\Users\chily\OneDrive - University of Houston Downtown\Desktop\Project-3321-Group-3\Project 3321-Group 3\Project 3321-Group 3\signup.cpp(72,8): error C2146: syntax error: missing ';' before identifier 'PASSWORD'
C:\Users\chily\OneDrive - University of Houston Downtown\Desktop\Project-3321-Group-3\Project 3321-Group 3\Project 3321-Group 3\signup.cpp(72,8): error C2065: 'PASSWORD': undeclared identifier
C:\Users\chily\OneDrive - University of Houston Downtown\Desktop\Project-3321-Group-3\Project 3321-Group 3\Project 3321-Group 3\signup.cpp(73,1): error C2065: 'string': undeclared identifier
C:\Users\chily\OneDrive - University of Houston Downtown\Desktop\Project-3321-Group-3\Project 3321-Group 3\Project 3321-Group 3\signup.cpp(73,8): error C2146: syntax error: missing ';' before identifier 'PHONENUMBER'
C:\Users\chily\OneDrive - University of Houston Downtown\Desktop\Project-3321-Group-3\Project 3321-Group 3\Project 3321-Group 3\signup.cpp(73,8): error C2065: 'PHONENUMBER': undeclared identifier
C:\Users\chily\OneDrive - University of Houston Downtown\Desktop\Project-3321-Group-3\Project 3321-Group 3\Project 3321-Group 3\signup.cpp(75,1): error C2059: syntax error: '>>'
C:\Users\chily\OneDrive - University of Houston Downtown\Desktop\Project-3321-Group-3\Project 3321-Group 3\Project 3321-Group 3\signup.cpp(80,6): error C2601: 'menuDesign': local function definitions are illegal
C:\Users\chily\OneDrive - University of Houston Downtown\Desktop\Project-3321-Group-3\Project 3321-Group 3\Project 3321-Group 3\signup.cpp(65): message : this line contains a '{' which has not yet been matched
C:\Users\chily\OneDrive - University of Houston Downtown\Desktop\Project-3321-Group-3\Project 3321-Group 3\Project 3321-Group 3\signup.cpp(85,22): warning C4129: '_': unrecognized character escape sequence
C:\Users\chily\OneDrive - University of Houston Downtown\Desktop\Project-3321-Group-3\Project 3321-Group 3\Project 3321-Group 3\signup.cpp(86,22): warning C4129: ' ': unrecognized character escape sequence
C:\Users\chily\OneDrive - University of Houston Downtown\Desktop\Project-3321-Group-3\Project 3321-Group 3\Project 3321-Group 3\signup.cpp(93,6): error C2601: 'signUp': local function definitions are illegal
C:\Users\chily\OneDrive - University of Houston Downtown\Desktop\Project-3321-Group-3\Project 3321-Group 3\Project 3321-Group 3\signup.cpp(65): message : this line contains a '{' which has not yet been matched
C:\Users\chily\OneDrive - University of Houston Downtown\Desktop\Project-3321-Group-3\Project 3321-Group 3\Project 3321-Group 3\signup.cpp(149,6): error C2601: 'passPassword': local function definitions are illegal
C:\Users\chily\OneDrive - University of Houston Downtown\Desktop\Project-3321-Group-3\Project 3321-Group 3\Project 3321-Group 3\signup.cpp(62): message : this line contains a '{' which has not yet been matched
C:\Users\chily\OneDrive - University of Houston Downtown\Desktop\Project-3321-Group-3\Project 3321-Group 3\Project 3321-Group 3\signup.cpp(175,22): warning C4129: '_': unrecognized character escape sequence
C:\Users\chily\OneDrive - University of Houston Downtown\Desktop\Project-3321-Group-3\Project 3321-Group 3\Project 3321-Group 3\signup.cpp(176,22): warning C4129: ' ': unrecognized character escape sequence
C:\Users\chily\OneDrive - University of Houston Downtown\Desktop\Project-3321-Group-3\Project 3321-Group 3\Project 3321-Group 3\signup.cpp(418,6): error C2601: 'getInfo': local function definitions are illegal
C:\Users\chily\OneDrive - University of Houston Downtown\Desktop\Project-3321-Group-3\Project 3321-Group 3\Project 3321-Group 3\signup.cpp(62): message : this line contains a '{' which has not yet been matched
C:\Users\chily\OneDrive - University of Houston Downtown\Desktop\Project-3321-Group-3\Project 3321-Group 3\Project 3321-Group 3\signup.cpp(622,1): error C2059: syntax error: '<<'
C:\Users\chily\OneDrive - University of Houston Downtown\Desktop\Project-3321-Group-3\Project 3321-Group 3\Project 3321-Group 3\signup.cpp(625,1): error C2143: syntax error: missing ';' before '{'
C:\Users\chily\OneDrive - University of Houston Downtown\Desktop\Project-3321-Group-3\Project 3321-Group 3\Project 3321-Group 3\signup.cpp(626,2): error C2065: 'cout': undeclared identifier
C:\Users\chily\OneDrive - University of Houston Downtown\Desktop\Project-3321-Group-3\Project 3321-Group 3\Project 3321-Group 3\signup.cpp(627,2): error C2065: 'cout': undeclared identifier
C:\Users\chily\OneDrive - University of Houston Downtown\Desktop\Project-3321-Group-3\Project 3321-Group 3\Project 3321-Group 3\signup.cpp(629,2): error C2065: 'cin': undeclared identifier
C:\Users\chily\OneDrive - University of Houston Downtown\Desktop\Project-3321-Group-3\Project 3321-Group 3\Project 3321-Group 3\signup.cpp(630,2): error C2065: 'cout': undeclared identifier
C:\Users\chily\OneDrive - University of Houston Downtown\Desktop\Project-3321-Group-3\Project 3321-Group 3\Project 3321-Group 3\signup.cpp(632,2): error C2065: 'cin': undeclared identifier
C:\Users\chily\OneDrive - University of Houston Downtown\Desktop\Project-3321-Group-3\Project 3321-Group 3\Project 3321-Group 3\signup.cpp(638,3): error C2065: 'cout': undeclared identifier
C:\Users\chily\OneDrive - University of Houston Downtown\Desktop\Project-3321-Group-3\Project 3321-Group 3\Project 3321-Group 3\signup.cpp(642,2): error C2065: 'PIN': undeclared identifier
C:\Users\chily\OneDrive - University of Houston Downtown\Desktop\Project-3321-Group-3\Project 3321-Group 3\Project 3321-Group 3\signup.cpp(647,6): error C2601: 'getPin': local function definitions are illegal
C:\Users\chily\OneDrive - University of Houston Downtown\Desktop\Project-3321-Group-3\Project 3321-Group 3\Project 3321-Group 3\signup.cpp(62): message : this line contains a '{' which has not yet been matched
C:\Users\chily\OneDrive - University of Houston Downtown\Desktop\Project-3321-Group-3\Project 3321-Group 3\Project 3321-Group 3\signup.cpp(658,1): error C2059: syntax error: '>>'
C:\Users\chily\OneDrive - University of Houston Downtown\Desktop\Project-3321-Group-3\Project 3321-Group 3\Project 3321-Group 3\signup.cpp(62): fatal error C1075: '{': no matching token found
  Generating Code...
